2016-11-17 21:09:51 [ThreadId 7] ERROR phoityne - [deleteBreakPointOnGHCi] invalid delete break point. BreakPointData {nameBreakPointData = "Lib", filePathBreakPointData = "/Users/dogwith1eye/Desktop/Haskell/GettingStarted/MyProject/src/Lib.hs", lineNoBreakPointData = 6, breakNoBreakPointData = Nothing, conditionBreakPointData = Nothing}
2016-11-17 21:10:07 [ThreadId 7] ERROR phoityne - [deleteBreakPointOnGHCi] invalid delete break point. BreakPointData {nameBreakPointData = "Main", filePathBreakPointData = "/Users/dogwith1eye/Desktop/Haskell/GettingStarted/MyProject/app/Main.hs", lineNoBreakPointData = 6, breakNoBreakPointData = Nothing, conditionBreakPointData = Nothing}
2016-11-17 21:13:52 [ThreadId 12] ERROR phoityne - load file fail.[/Users/dogwith1eye/Desktop/Haskell/GettingStarted/MyProject/src/Phoityne/Example/Math.hs] <file descriptor: 41>: hPutChar: resource vanished (Broken pipe)
2016-11-17 21:13:52 [ThreadId 12] ERROR phoityne - load file fail.[/Users/dogwith1eye/Desktop/Haskell/GettingStarted/MyProject/src/Phoityne/Example/Math.hs] <file descriptor: 41>: hPutChar: resource vanished (Broken pipe)
2016-11-17 21:16:28 [ThreadId 13] ERROR phoityne - load file fail.[/Users/dogwith1eye/Desktop/Haskell/GettingStarted/MyProject/src/Phoityne/Example/Math.hs] <file descriptor: 41>: hPutChar: resource vanished (Broken pipe)
2016-11-17 21:16:28 [ThreadId 13] ERROR phoityne - load file fail.[/Users/dogwith1eye/Desktop/Haskell/GettingStarted/MyProject/src/Phoityne/Example/Math.hs] <file descriptor: 41>: hPutChar: resource vanished (Broken pipe)
2016-11-17 21:18:12 [ThreadId 14] ERROR phoityne - load file fail.[/Users/dogwith1eye/Desktop/Haskell/GettingStarted/MyProject/src/Phoityne/Example/Math.hs] <file descriptor: 41>: hPutChar: resource vanished (Broken pipe)
2016-11-17 21:18:12 [ThreadId 14] ERROR phoityne - load file fail.[/Users/dogwith1eye/Desktop/Haskell/GettingStarted/MyProject/src/Phoityne/Example/Math.hs] <file descriptor: 41>: hPutChar: resource vanished (Broken pipe)
2016-11-17 21:18:59 [ThreadId 15] ERROR phoityne - load file fail.[/Users/dogwith1eye/Desktop/Haskell/GettingStarted/MyProject/app/Main.hs] <file descriptor: 41>: hPutChar: resource vanished (Broken pipe)
2016-11-17 21:18:59 [ThreadId 15] ERROR phoityne - load file fail.[/Users/dogwith1eye/Desktop/Haskell/GettingStarted/MyProject/app/Main.hs] <file descriptor: 41>: hPutChar: resource vanished (Broken pipe)
2016-11-17 21:22:22 [ThreadId 16] ERROR phoityne - load file fail.[/Users/dogwith1eye/Desktop/Haskell/GettingStarted/MyProject/test/Phoityne/Example/MathSpec.hs] <file descriptor: 41>: hPutChar: resource vanished (Broken pipe)
2016-11-17 21:22:22 [ThreadId 16] ERROR phoityne - load file fail.[/Users/dogwith1eye/Desktop/Haskell/GettingStarted/MyProject/test/Phoityne/Example/MathSpec.hs] <file descriptor: 41>: hPutChar: resource vanished (Broken pipe)
2016-11-17 21:24:39 [ThreadId 17] ERROR phoityne - load file fail.[/Users/dogwith1eye/Desktop/Haskell/GettingStarted/MyProject/test/SpecHelper.hs] <file descriptor: 41>: hPutChar: resource vanished (Broken pipe)
2016-11-17 21:24:39 [ThreadId 17] ERROR phoityne - load file fail.[/Users/dogwith1eye/Desktop/Haskell/GettingStarted/MyProject/test/SpecHelper.hs] <file descriptor: 41>: hPutChar: resource vanished (Broken pipe)
2016-11-17 21:29:07 [ThreadId 18] ERROR phoityne - load file fail.[/Users/dogwith1eye/Desktop/Haskell/GettingStarted/MyProject/test/SpecHelper.hs] <file descriptor: 41>: hPutChar: resource vanished (Broken pipe)
2016-11-17 21:29:07 [ThreadId 18] ERROR phoityne - load file fail.[/Users/dogwith1eye/Desktop/Haskell/GettingStarted/MyProject/test/SpecHelper.hs] <file descriptor: 41>: hPutChar: resource vanished (Broken pipe)
2016-11-17 21:29:18 [ThreadId 19] ERROR phoityne - load file fail.[/Users/dogwith1eye/Desktop/Haskell/GettingStarted/MyProject/test/SpecHelper.hs] <file descriptor: 41>: hPutChar: resource vanished (Broken pipe)
2016-11-17 21:29:18 [ThreadId 19] ERROR phoityne - load file fail.[/Users/dogwith1eye/Desktop/Haskell/GettingStarted/MyProject/test/SpecHelper.hs] <file descriptor: 41>: hPutChar: resource vanished (Broken pipe)
2016-11-17 21:36:37 [ThreadId 20] ERROR phoityne - load file fail.[/Users/dogwith1eye/Desktop/Haskell/GettingStarted/MyProject/test/Spec.hs] <file descriptor: 41>: hPutChar: resource vanished (Broken pipe)
2016-11-17 21:36:37 [ThreadId 20] ERROR phoityne - load file fail.[/Users/dogwith1eye/Desktop/Haskell/GettingStarted/MyProject/test/Spec.hs] <file descriptor: 41>: hPutChar: resource vanished (Broken pipe)
2016-11-17 21:44:10 [ThreadId 21] ERROR phoityne - load file fail.[/Users/dogwith1eye/Desktop/Haskell/GettingStarted/MyProject/test/Phoityne/Example/MathSpec.hs] <file descriptor: 41>: hPutChar: resource vanished (Broken pipe)
2016-11-17 21:44:10 [ThreadId 21] ERROR phoityne - load file fail.[/Users/dogwith1eye/Desktop/Haskell/GettingStarted/MyProject/test/Phoityne/Example/MathSpec.hs] <file descriptor: 41>: hPutChar: resource vanished (Broken pipe)
2016-11-17 21:47:37 [ThreadId 22] ERROR phoityne - load file fail.[/Users/dogwith1eye/Desktop/Haskell/GettingStarted/MyProject/test/Phoityne/Example/MathSpec.hs] <file descriptor: 41>: hPutChar: resource vanished (Broken pipe)
2016-11-17 21:47:37 [ThreadId 22] ERROR phoityne - load file fail.[/Users/dogwith1eye/Desktop/Haskell/GettingStarted/MyProject/test/Phoityne/Example/MathSpec.hs] <file descriptor: 41>: hPutChar: resource vanished (Broken pipe)
2016-11-17 21:49:15 [ThreadId 23] ERROR phoityne - load file fail.[/Users/dogwith1eye/Desktop/Haskell/GettingStarted/MyProject/test/Phoityne/Example/MathSpec.hs] <file descriptor: 41>: hPutChar: resource vanished (Broken pipe)
2016-11-17 21:49:15 [ThreadId 23] ERROR phoityne - load file fail.[/Users/dogwith1eye/Desktop/Haskell/GettingStarted/MyProject/test/Phoityne/Example/MathSpec.hs] <file descriptor: 41>: hPutChar: resource vanished (Broken pipe)
2016-11-17 21:50:06 [ThreadId 24] ERROR phoityne - load file fail.[/Users/dogwith1eye/Desktop/Haskell/GettingStarted/MyProject/test/Phoityne/Example/MathSpec.hs] <file descriptor: 41>: hPutChar: resource vanished (Broken pipe)
2016-11-17 21:50:06 [ThreadId 24] ERROR phoityne - load file fail.[/Users/dogwith1eye/Desktop/Haskell/GettingStarted/MyProject/test/Phoityne/Example/MathSpec.hs] <file descriptor: 41>: hPutChar: resource vanished (Broken pipe)
2016-11-17 21:50:08 [ThreadId 25] ERROR phoityne - load file fail.[/Users/dogwith1eye/Desktop/Haskell/GettingStarted/MyProject/test/Phoityne/Example/MathSpec.hs] <file descriptor: 41>: hPutChar: resource vanished (Broken pipe)
2016-11-17 21:50:08 [ThreadId 25] ERROR phoityne - load file fail.[/Users/dogwith1eye/Desktop/Haskell/GettingStarted/MyProject/test/Phoityne/Example/MathSpec.hs] <file descriptor: 41>: hPutChar: resource vanished (Broken pipe)
